2009-10-09 09:06:50.718 [AWT-EventQueue-0] WARN  o.a.m.filter.logging.LoggingFilter - EXCEPTION :
org.apache.mina.filter.codec.ProtocolEncoderException: org.apache.mina.core.session.UnknownMessageTypeException: No message encoder found for message: LOGINED 
	at org.apache.mina.filter.codec.ProtocolCodecFilter.filterWrite(ProtocolCodecFilter.java:313) [mina-core-2.0.0-M6.jar:na]
	at org.apache.mina.core.filterchain.DefaultIoFilterChain.callPreviousFilterWrite(DefaultIoFilterChain.java:505) [mina-core-2.0.0-M6.jar:na]
	at org.apache.mina.core.filterchain.DefaultIoFilterChain.access$1400(DefaultIoFilterChain.java:47) [mina-core-2.0.0-M6.jar:na]
	at org.apache.mina.core.filterchain.DefaultIoFilterChain$EntryImpl$1.filterWrite(DefaultIoFilterChain.java:813) [mina-core-2.0.0-M6.jar:na]
	at org.apache.mina.core.filterchain.IoFilterAdapter.filterWrite(IoFilterAdapter.java:135) [mina-core-2.0.0-M6.jar:na]
	at org.apache.mina.core.filterchain.DefaultIoFilterChain.callPreviousFilterWrite(DefaultIoFilterChain.java:505) [mina-core-2.0.0-M6.jar:na]
	at org.apache.mina.core.filterchain.DefaultIoFilterChain.access$1400(DefaultIoFilterChain.java:47) [mina-core-2.0.0-M6.jar:na]
	at org.apache.mina.core.filterchain.DefaultIoFilterChain$EntryImpl$1.filterWrite(DefaultIoFilterChain.java:813) [mina-core-2.0.0-M6.jar:na]
	at org.apache.mina.core.filterchain.DefaultIoFilterChain$TailFilter.filterWrite(DefaultIoFilterChain.java:739) [mina-core-2.0.0-M6.jar:na]
	at org.apache.mina.core.filterchain.DefaultIoFilterChain.callPreviousFilterWrite(DefaultIoFilterChain.java:505) [mina-core-2.0.0-M6.jar:na]
	at org.apache.mina.core.filterchain.DefaultIoFilterChain.fireFilterWrite(DefaultIoFilterChain.java:497) [mina-core-2.0.0-M6.jar:na]
	at org.apache.mina.core.session.AbstractIoSession.write(AbstractIoSession.java:427) [mina-core-2.0.0-M6.jar:na]
	at org.apache.mina.core.session.AbstractIoSession.write(AbstractIoSession.java:368) [mina-core-2.0.0-M6.jar:na]
	at net.liuxuan.OSMC.client.SwingClientSupport.login(SwingClientSupport.java:67) [classes/:na]
	at net.liuxuan.OSMC.client.SwingClientSupport.connect(SwingClientSupport.java:57) [classes/:na]
	at net.liuxuan.OSMC.client.JMDIApplication.LogInButtonActionPerformed(JMDIApplication.java:328) [classes/:na]
	at net.liuxuan.OSMC.client.JMDIApplication.access$000(JMDIApplication.java:26) [classes/:na]
	at net.liuxuan.OSMC.client.JMDIApplication$1.actionPerformed(JMDIApplication.java:184) [classes/:na]
	at javax.swing.AbstractButton.fireActionPerformed(AbstractButton.java:1995) [na:1.6.0_13]
	at javax.swing.AbstractButton$Handler.actionPerformed(AbstractButton.java:2318) [na:1.6.0_13]
	at javax.swing.DefaultButtonModel.fireActionPerformed(DefaultButtonModel.java:387) [na:1.6.0_13]
	at javax.swing.DefaultButtonModel.setPressed(DefaultButtonModel.java:242) [na:1.6.0_13]
	at javax.swing.plaf.basic.BasicButtonListener.mouseReleased(BasicButtonListener.java:236) [na:1.6.0_13]
	at java.awt.Component.processMouseEvent(Component.java:6216) [na:1.6.0_13]
	at javax.swing.JComponent.processMouseEvent(JComponent.java:3265) [na:1.6.0_13]
	at java.awt.Component.processEvent(Component.java:5981) [na:1.6.0_13]
	at java.awt.Container.processEvent(Container.java:2041) [na:1.6.0_13]
	at java.awt.Component.dispatchEventImpl(Component.java:4583) [na:1.6.0_13]
	at java.awt.Container.dispatchEventImpl(Container.java:2099) [na:1.6.0_13]
	at java.awt.Component.dispatchEvent(Component.java:4413) [na:1.6.0_13]
	at java.awt.LightweightDispatcher.retargetMouseEvent(Container.java:4556) [na:1.6.0_13]
	at java.awt.LightweightDispatcher.processMouseEvent(Container.java:4220) [na:1.6.0_13]
	at java.awt.LightweightDispatcher.dispatchEvent(Container.java:4150) [na:1.6.0_13]
	at java.awt.Container.dispatchEventImpl(Container.java:2085) [na:1.6.0_13]
	at java.awt.Window.dispatchEventImpl(Window.java:2475) [na:1.6.0_13]
	at java.awt.Component.dispatchEvent(Component.java:4413) [na:1.6.0_13]
	at java.awt.EventQueue.dispatchEvent(EventQueue.java:599) [na:1.6.0_13]
	at java.awt.EventDispatchThread.pumpOneEventForFilters(EventDispatchThread.java:269) [na:1.6.0_13]
	at java.awt.EventDispatchThread.pumpEventsForFilter(EventDispatchThread.java:184) [na:1.6.0_13]
	at java.awt.EventDispatchThread.pumpEventsForHierarchy(EventDispatchThread.java:174) [na:1.6.0_13]
	at java.awt.EventDispatchThread.pumpEvents(EventDispatchThread.java:169) [na:1.6.0_13]
	at java.awt.EventDispatchThread.pumpEvents(EventDispatchThread.java:161) [na:1.6.0_13]
	at java.awt.EventDispatchThread.run(EventDispatchThread.java:122) [na:1.6.0_13]
Caused by: org.apache.mina.core.session.UnknownMessageTypeException: No message encoder found for message: LOGINED 
	at org.apache.mina.filter.codec.demux.DemuxingProtocolEncoder.encode(DemuxingProtocolEncoder.java:136) [mina-core-2.0.0-M6.jar:na]
	at org.apache.mina.filter.codec.ProtocolCodecFilter.filterWrite(ProtocolCodecFilter.java:298) [mina-core-2.0.0-M6.jar:na]
	... 42 common frames omitted
2009-10-09 14:01:14.906 [NioProcessor-1] WARN  o.a.m.filter.logging.LoggingFilter - EXCEPTION :
java.io.IOException: 远程主机强迫关闭了一个现有的连接。
	at sun.nio.ch.SocketDispatcher.read0(Native Method) [na:1.6.0_13]
	at sun.nio.ch.SocketDispatcher.read(SocketDispatcher.java:25) [na:1.6.0_13]
	at sun.nio.ch.IOUtil.readIntoNativeBuffer(IOUtil.java:233) [na:1.6.0_13]
	at sun.nio.ch.IOUtil.read(IOUtil.java:206) [na:1.6.0_13]
	at sun.nio.ch.SocketChannelImpl.read(SocketChannelImpl.java:236) [na:1.6.0_13]
	at org.apache.mina.transport.socket.nio.NioProcessor.read(NioProcessor.java:179) [mina-core-2.0.0-M6.jar:na]
	at org.apache.mina.transport.socket.nio.NioProcessor.read(NioProcessor.java:41) [mina-core-2.0.0-M6.jar:na]
	at org.apache.mina.core.polling.AbstractPollingIoProcessor.read(AbstractPollingIoProcessor.java:585) [mina-core-2.0.0-M6.jar:na]
	at org.apache.mina.core.polling.AbstractPollingIoProcessor.process(AbstractPollingIoProcessor.java:563) [mina-core-2.0.0-M6.jar:na]
	at org.apache.mina.core.polling.AbstractPollingIoProcessor.process(AbstractPollingIoProcessor.java:552) [mina-core-2.0.0-M6.jar:na]
	at org.apache.mina.core.polling.AbstractPollingIoProcessor.access$400(AbstractPollingIoProcessor.java:56) [mina-core-2.0.0-M6.jar:na]
	at org.apache.mina.core.polling.AbstractPollingIoProcessor$Processor.run(AbstractPollingIoProcessor.java:891) [mina-core-2.0.0-M6.jar:na]
	at org.apache.mina.util.NamePreservingRunnable.run(NamePreservingRunnable.java:64) [mina-core-2.0.0-M6.jar:na]
	at java.util.concurrent.ThreadPoolExecutor$Worker.runTask(ThreadPoolExecutor.java:886) [na:1.6.0_13]
	at java.util.concurrent.ThreadPoolExecutor$Worker.run(ThreadPoolExecutor.java:908) [na:1.6.0_13]
	at java.lang.Thread.run(Thread.java:619) [na:1.6.0_13]
